<?xml version="1.0" encoding="UTF-8"?>
<!-- Generated by org.testng.reporters.JUnitXMLReporter -->
<testsuite ignored="0" hostname="LAPTOP-J5MI10SB" failures="0" tests="5" name="Test" time="32.873" errors="0" timestamp="2023-12-27T14:05:41 IST">
  <testcase classname="tests.LoginTest" name="login" time="6.419"/>
  <testcase classname="tests.LoginTest" name="login" time="14.477"/>
  <testcase classname="tests.TwoTest" name="TwoTest" time="0.002"/>
  <testcase classname="tests.ThreeTest" name="ThreeTest" time="0.002"/>
  <testcase classname="tests.FourTest" name="FourTest" time="0.002"/>
</testsuite> <!-- Test -->
