<?xml version="1.0" encoding="UTF-8"?>
<!-- Generated by org.testng.reporters.JUnitXMLReporter -->
<testsuite ignored="0" hostname="LAPTOP-J5MI10SB" failures="0" tests="5" name="Test" time="29.736" errors="0" timestamp="2023-12-27T12:39:39 IST">
  <testcase classname="tests.LoginTest" name="login" time="4.597"/>
  <testcase classname="tests.LoginTest" name="login" time="14.38"/>
  <testcase classname="tests.TwoTest" name="TwoTest" time="0.0"/>
  <testcase classname="tests.ThreeTest" name="ThreeTest" time="0.016"/>
  <testcase classname="tests.FourTest" name="FourTest" time="0.016"/>
</testsuite> <!-- Test -->
