<?xml version="1.0" encoding="UTF-8"?>
<testng-results ignored="0" total="5" passed="5" failed="0" skipped="0">
  <reporter-output>
  </reporter-output>
  <suite started-at="2023-12-27T14:05:08 IST" name="Suite" finished-at="2023-12-27T14:05:41 IST" duration-ms="32873">
    <groups>
    </groups>
    <test started-at="2023-12-27T14:05:08 IST" name="Test" finished-at="2023-12-27T14:05:41 IST" duration-ms="32873">
      <class name="tests.LoginTest">
        <test-method is-config="true" signature="lauchbrowser()[pri:0, instance:tests.LoginTest@3e27ba32]" started-at="2023-12-27T14:05:08 IST" name="lauchbrowser" finished-at="2023-12-27T14:05:16 IST" duration-ms="7761" status="PASS">
          <reporter-output>
          </reporter-output>
        </test-method> <!-- lauchbrowser -->
        <test-method signature="login(java.lang.String,java.lang.String,java.lang.String)[pri:0, instance:tests.LoginTest@3e27ba32]" started-at="2023-12-27T14:05:16 IST" name="login" data-provider="getLoginData" finished-at="2023-12-27T14:05:22 IST" duration-ms="6419" status="PASS">
          <params>
            <param index="0">
              <value>
                <![CDATA[ranjanapushpa1@gmail.com]]>
              </value>
            </param>
            <param index="1">
              <value>
                <![CDATA[Aradhana18#]]>
              </value>
            </param>
            <param index="2">
              <value>
                <![CDATA[Successful]]>
              </value>
            </param>
          </params>
          <reporter-output>
          </reporter-output>
        </test-method> <!-- login -->
        <test-method is-config="true" signature="tearDown()[pri:0, instance:tests.LoginTest@3e27ba32]" started-at="2023-12-27T14:05:22 IST" name="tearDown" finished-at="2023-12-27T14:05:23 IST" duration-ms="414" status="PASS">
          <reporter-output>
          </reporter-output>
        </test-method> <!-- tearDown -->
        <test-method is-config="true" signature="lauchbrowser()[pri:0, instance:tests.LoginTest@3e27ba32]" started-at="2023-12-27T14:05:23 IST" name="lauchbrowser" finished-at="2023-12-27T14:05:26 IST" duration-ms="3294" status="PASS">
          <reporter-output>
          </reporter-output>
        </test-method> <!-- lauchbrowser -->
        <test-method signature="login(java.lang.String,java.lang.String,java.lang.String)[pri:0, instance:tests.LoginTest@3e27ba32]" started-at="2023-12-27T14:05:26 IST" name="login" data-provider="getLoginData" finished-at="2023-12-27T14:05:41 IST" duration-ms="14477" status="PASS">
          <params>
            <param index="0">
              <value>
                <![CDATA[dummy]]>
              </value>
            </param>
            <param index="1">
              <value>
                <![CDATA[dummy]]>
              </value>
            </param>
            <param index="2">
              <value>
                <![CDATA[Failure]]>
              </value>
            </param>
          </params>
          <reporter-output>
          </reporter-output>
        </test-method> <!-- login -->
        <test-method is-config="true" signature="tearDown()[pri:0, instance:tests.LoginTest@3e27ba32]" started-at="2023-12-27T14:05:41 IST" name="tearDown" finished-at="2023-12-27T14:05:41 IST" duration-ms="324" status="PASS">
          <reporter-output>
          </reporter-output>
        </test-method> <!-- tearDown -->
      </class> <!-- tests.LoginTest -->
      <class name="tests.FourTest">
        <test-method signature="FourTest()[pri:0, instance:tests.FourTest@48bb62]" started-at="2023-12-27T14:05:41 IST" name="FourTest" finished-at="2023-12-27T14:05:41 IST" duration-ms="2" status="PASS">
          <reporter-output>
          </reporter-output>
        </test-method> <!-- FourTest -->
      </class> <!-- tests.FourTest -->
      <class name="tests.ThreeTest">
        <test-method signature="ThreeTest()[pri:0, instance:tests.ThreeTest@5032714f]" started-at="2023-12-27T14:05:41 IST" name="ThreeTest" finished-at="2023-12-27T14:05:41 IST" duration-ms="2" status="PASS">
          <reporter-output>
          </reporter-output>
        </test-method> <!-- ThreeTest -->
      </class> <!-- tests.ThreeTest -->
      <class name="tests.TwoTest">
        <test-method signature="TwoTest()[pri:0, instance:tests.TwoTest@5524cca1]" started-at="2023-12-27T14:05:41 IST" name="TwoTest" finished-at="2023-12-27T14:05:41 IST" duration-ms="2" status="PASS">
          <reporter-output>
          </reporter-output>
        </test-method> <!-- TwoTest -->
      </class> <!-- tests.TwoTest -->
    </test> <!-- Test -->
  </suite> <!-- Suite -->
</testng-results>
